<?xml version="1.0" encoding="UTF-8"?>
<testng-results ignored="2" total="4" passed="1" failed="1" skipped="0">
  <reporter-output>
  </reporter-output>
  <suite started-at="2022-07-25T08:21:51 IST" name="Suite" finished-at="2022-07-25T08:22:15 IST" duration-ms="24138">
    <groups>
    </groups>
    <test started-at="2022-07-25T08:21:51 IST" name="QA" finished-at="2022-07-25T08:22:15 IST" duration-ms="24138">
      <class name="script.TestClass2">
        <test-method is-config="true" signature="openApp(java.lang.reflect.Method,java.lang.String)[pri:0, instance:script.TestClass2@4310d43]" started-at="2022-07-25T08:22:05 IST" name="openApp" finished-at="2022-07-25T08:22:13 IST" duration-ms="8671" status="PASS">
          <params>
            <param index="0">
              <value>
                <![CDATA[public void script.TestClass2.testLogin()]]>
              </value>
            </param>
            <param index="1">
              <value>
                <![CDATA[config.properties]]>
              </value>
            </param>
          </params>
          <reporter-output>
          </reporter-output>
        </test-method> <!-- openApp -->
        <test-method signature="testLogin()[pri:0, instance:script.TestClass2@4310d43]" started-at="2022-07-25T08:22:13 IST" name="testLogin" finished-at="2022-07-25T08:22:13 IST" duration-ms="12" status="FAIL">
          <exception class="java.lang.AssertionError">
            <message>
              <![CDATA[null]]>
            </message>
            <full-stacktrace>
              <![CDATA[java.lang.AssertionError: null
at org.testng.Assert.fail(Assert.java:99)
at org.testng.Assert.fail(Assert.java:106)
at script.TestClass2.testLogin(TestClass2.java:16)
at java.base/jdk.internal.reflect.DirectMethodHandleAccessor.invoke(DirectMethodHandleAccessor.java:104)
at java.base/java.lang.reflect.Method.invoke(Method.java:577)
at org.testng.internal.MethodInvocationHelper.invokeMethod(MethodInvocationHelper.java:133)
at org.testng.internal.TestInvoker.invokeMethod(TestInvoker.java:598)
at org.testng.internal.TestInvoker.invokeTestMethod(TestInvoker.java:173)
at org.testng.internal.MethodRunner.runInSequence(MethodRunner.java:46)
at org.testng.internal.TestInvoker$MethodInvocationAgent.invoke(TestInvoker.java:824)
at org.testng.internal.TestInvoker.invokeTestMethods(TestInvoker.java:146)
at org.testng.internal.TestMethodWorker.invokeTestMethods(TestMethodWorker.java:146)
at org.testng.internal.TestMethodWorker.run(TestMethodWorker.java:128)
at java.base/java.util.ArrayList.forEach(ArrayList.java:1511)
at org.testng.TestRunner.privateRun(TestRunner.java:794)
at org.testng.TestRunner.run(TestRunner.java:596)
at org.testng.SuiteRunner.runTest(SuiteRunner.java:377)
at org.testng.SuiteRunner.access$000(SuiteRunner.java:28)
at org.testng.SuiteRunner$SuiteWorker.run(SuiteRunner.java:418)
at org.testng.internal.thread.ThreadUtil.lambda$execute$0(ThreadUtil.java:64)
at java.base/java.util.concurrent.FutureTask.run(FutureTask.java:264)
at java.base/java.util.concurrent.ThreadPoolExecutor.runWorker(ThreadPoolExecutor.java:1136)
at java.base/java.util.concurrent.ThreadPoolExecutor$Worker.run(ThreadPoolExecutor.java:635)
at java.base/java.lang.Thread.run(Thread.java:833)
]]>
            </full-stacktrace>
          </exception> <!-- java.lang.AssertionError -->
          <reporter-output>
          </reporter-output>
        </test-method> <!-- testLogin -->
        <test-method is-config="true" signature="closeApp(org.testng.ITestResult)[pri:0, instance:script.TestClass2@4310d43]" started-at="2022-07-25T08:22:13 IST" name="closeApp" finished-at="2022-07-25T08:22:15 IST" duration-ms="1821" status="PASS">
          <params>
            <param index="0">
              <value>
                <![CDATA[[TestResult name=testLogin status=FAILURE method=TestClass2.testLogin()[pri:0, instance:script.TestClass2@4310d43] output={null}]]]>
              </value>
            </param>
          </params>
          <reporter-output>
          </reporter-output>
        </test-method> <!-- closeApp -->
      </class> <!-- script.TestClass2 -->
      <class name="script.TestClass1">
        <test-method is-config="true" signature="createReport()[pri:0, instance:script.TestClass1@49049a04]" started-at="2022-07-25T08:21:51 IST" name="createReport" finished-at="2022-07-25T08:21:51 IST" duration-ms="546" status="PASS">
          <reporter-output>
          </reporter-output>
        </test-method> <!-- createReport -->
        <test-method is-config="true" signature="openApp(java.lang.reflect.Method,java.lang.String)[pri:0, instance:script.TestClass1@49049a04]" started-at="2022-07-25T08:21:51 IST" name="openApp" finished-at="2022-07-25T08:22:03 IST" duration-ms="12076" status="PASS">
          <params>
            <param index="0">
              <value>
                <![CDATA[public void script.TestClass1.testA()]]>
              </value>
            </param>
            <param index="1">
              <value>
                <![CDATA[config.properties]]>
              </value>
            </param>
          </params>
          <reporter-output>
          </reporter-output>
        </test-method> <!-- openApp -->
        <test-method signature="testA()[pri:0, instance:script.TestClass1@49049a04]" started-at="2022-07-25T08:22:03 IST" name="testA" finished-at="2022-07-25T08:22:03 IST" duration-ms="25" status="PASS">
          <reporter-output>
          </reporter-output>
        </test-method> <!-- testA -->
        <test-method is-config="true" signature="closeApp(org.testng.ITestResult)[pri:0, instance:script.TestClass1@49049a04]" started-at="2022-07-25T08:22:03 IST" name="closeApp" finished-at="2022-07-25T08:22:05 IST" duration-ms="1458" status="PASS">
          <params>
            <param index="0">
              <value>
                <![CDATA[[TestResult name=testA status=SUCCESS method=TestClass1.testA()[pri:0, instance:script.TestClass1@49049a04] output={null}]]]>
              </value>
            </param>
          </params>
          <reporter-output>
          </reporter-output>
        </test-method> <!-- closeApp -->
        <test-method is-config="true" signature="publishReport()[pri:0, instance:script.TestClass1@49049a04]" started-at="2022-07-25T08:22:15 IST" name="publishReport" finished-at="2022-07-25T08:22:16 IST" duration-ms="605" status="PASS">
          <reporter-output>
          </reporter-output>
        </test-method> <!-- publishReport -->
      </class> <!-- script.TestClass1 -->
    </test> <!-- QA -->
  </suite> <!-- Suite -->
</testng-results>
