<?xml version="1.0" encoding="UTF-8"?>
<testng-results ignored="0" total="1" passed="1" failed="0" skipped="0">
  <reporter-output>
  </reporter-output>
  <suite started-at="2022-07-27T07:54:10 IST" name="Default suite" finished-at="2022-07-27T07:54:35 IST" duration-ms="24833">
    <groups>
    </groups>
    <test started-at="2022-07-27T07:54:10 IST" name="Default test" finished-at="2022-07-27T07:54:35 IST" duration-ms="24833">
      <class name="script.InvalidLogin">
        <test-method is-config="true" signature="createReport()[pri:0, instance:script.InvalidLogin@6253c26]" started-at="2022-07-27T07:54:09 IST" name="createReport" finished-at="2022-07-27T07:54:10 IST" duration-ms="590" status="PASS">
          <reporter-output>
          </reporter-output>
        </test-method> <!-- createReport -->
        <test-method is-config="true" signature="openApp(java.lang.reflect.Method,java.lang.String)[pri:0, instance:script.InvalidLogin@6253c26]" started-at="2022-07-27T07:54:10 IST" name="openApp" finished-at="2022-07-27T07:54:29 IST" duration-ms="18618" status="PASS">
          <params>
            <param index="0">
              <value>
                <![CDATA[public void script.InvalidLogin.testInvalidLogin()]]>
              </value>
            </param>
            <param index="1">
              <value>
                <![CDATA[config.properties]]>
              </value>
            </param>
          </params>
          <reporter-output>
          </reporter-output>
        </test-method> <!-- openApp -->
        <test-method signature="testInvalidLogin()[pri:2, instance:script.InvalidLogin@6253c26]" started-at="2022-07-27T07:54:29 IST" name="testInvalidLogin" finished-at="2022-07-27T07:54:33 IST" duration-ms="4262" status="PASS">
          <reporter-output>
          </reporter-output>
        </test-method> <!-- testInvalidLogin -->
        <test-method is-config="true" signature="closeApp(org.testng.ITestResult)[pri:0, instance:script.InvalidLogin@6253c26]" started-at="2022-07-27T07:54:33 IST" name="closeApp" finished-at="2022-07-27T07:54:35 IST" duration-ms="1881" status="PASS">
          <params>
            <param index="0">
              <value>
                <![CDATA[[TestResult name=testInvalidLogin status=SUCCESS method=InvalidLogin.testInvalidLogin()[pri:2, instance:script.InvalidLogin@6253c26] output={null}]]]>
              </value>
            </param>
          </params>
          <reporter-output>
          </reporter-output>
        </test-method> <!-- closeApp -->
        <test-method is-config="true" signature="publishReport()[pri:0, instance:script.InvalidLogin@6253c26]" started-at="2022-07-27T07:54:35 IST" name="publishReport" finished-at="2022-07-27T07:54:36 IST" duration-ms="735" status="PASS">
          <reporter-output>
          </reporter-output>
        </test-method> <!-- publishReport -->
      </class> <!-- script.InvalidLogin -->
    </test> <!-- Default test -->
  </suite> <!-- Default suite -->
</testng-results>
